Determining if the pthread_create exist failed with the following output:
Change Dir: /home/greg/fetch_ws/src/fetchit/octomap_builder/cmake-build-debug/CMakeFiles/CMakeTmp

Run Build Command(s):/usr/bin/make cmTC_f40b8/fast 
/usr/bin/make -f CMakeFiles/cmTC_f40b8.dir/build.make CMakeFiles/cmTC_f40b8.dir/build
make[1]: Entering directory '/home/greg/fetch_ws/src/fetchit/octomap_builder/cmake-build-debug/CMakeFiles/CMakeTmp'
Building C object CMakeFiles/cmTC_f40b8.dir/CheckSymbolExists.c.o
/usr/bin/cc    -o CMakeFiles/cmTC_f40b8.dir/CheckSymbolExists.c.o   -c /home/greg/fetch_ws/src/fetchit/octomap_builder/cmake-build-debug/CMakeFiles/CMakeTmp/CheckSymbolExists.c
Linking C executable cmTC_f40b8
/snap/clion/73/bin/cmake/linux/bin/cmake -E cmake_link_script CMakeFiles/cmTC_f40b8.dir/link.txt --verbose=1
/usr/bin/cc      -rdynamic CMakeFiles/cmTC_f40b8.dir/CheckSymbolExists.c.o  -o cmTC_f40b8 
CMakeFiles/cmTC_f40b8.dir/CheckSymbolExists.c.o: In function `main':
CheckSymbolExists.c:(.text+0x1b): undefined reference to `pthread_create'
collect2: error: ld returned 1 exit status
CMakeFiles/cmTC_f40b8.dir/build.make:86: recipe for target 'cmTC_f40b8' failed
make[1]: *** [cmTC_f40b8] Error 1
make[1]: Leaving directory '/home/greg/fetch_ws/src/fetchit/octomap_builder/cmake-build-debug/CMakeFiles/CMakeTmp'
Makefile:121: recipe for target 'cmTC_f40b8/fast' failed
make: *** [cmTC_f40b8/fast] Error 2

File /home/greg/fetch_ws/src/fetchit/octomap_builder/cmake-build-debug/CMakeFiles/CMakeTmp/CheckSymbolExists.c:
/* */
#include <pthread.h>

int main(int argc, char** argv)
{
  (void)argv;
#ifndef pthread_create
  return ((int*)(&pthread_create))[argc];
#else
  (void)argc;
  return 0;
#endif
}

Determining if the function pthread_create exists in the pthreads failed with the following output:
Change Dir: /home/greg/fetch_ws/src/fetchit/octomap_builder/cmake-build-debug/CMakeFiles/CMakeTmp

Run Build Command(s):/usr/bin/make cmTC_dcf94/fast 
/usr/bin/make -f CMakeFiles/cmTC_dcf94.dir/build.make CMakeFiles/cmTC_dcf94.dir/build
make[1]: Entering directory '/home/greg/fetch_ws/src/fetchit/octomap_builder/cmake-build-debug/CMakeFiles/CMakeTmp'
Building C object CMakeFiles/cmTC_dcf94.dir/CheckFunctionExists.c.o
/usr/bin/cc   -DCHECK_FUNCTION_EXISTS=pthread_create   -o CMakeFiles/cmTC_dcf94.dir/CheckFunctionExists.c.o   -c /snap/clion/73/bin/cmake/linux/share/cmake-3.14/Modules/CheckFunctionExists.c
Linking C executable cmTC_dcf94
/snap/clion/73/bin/cmake/linux/bin/cmake -E cmake_link_script CMakeFiles/cmTC_dcf94.dir/link.txt --verbose=1
/usr/bin/cc  -DCHECK_FUNCTION_EXISTS=pthread_create    -rdynamic CMakeFiles/cmTC_dcf94.dir/CheckFunctionExists.c.o  -o cmTC_dcf94 -lpthreads 
/usr/bin/ld: cannot find -lpthreads
collect2: error: ld returned 1 exit status
CMakeFiles/cmTC_dcf94.dir/build.make:86: recipe for target 'cmTC_dcf94' failed
make[1]: *** [cmTC_dcf94] Error 1
make[1]: Leaving directory '/home/greg/fetch_ws/src/fetchit/octomap_builder/cmake-build-debug/CMakeFiles/CMakeTmp'
Makefile:121: recipe for target 'cmTC_dcf94/fast' failed
make: *** [cmTC_dcf94/fast] Error 2


